

Version:	3.50
CmdLine:	C:\Users\giakh\OneDrive\Máy tính\Java_game\Car\Car.exe --l4j-debug
JNI:		No
WOW64:		Yes
Working dir:	C:\Users\giakh\OneDrive\Máy tính\Java_game\Car\.
Requires JDK:	No
Requires 64-Bit: No
Java min ver:	
Java max ver:	
JRE paths:	E:\JAVA\Car\.idea
Check launcher:	E:\JAVA\Car\.idea\bin\javaw.exe (not found)
Error msg:	This application requires a Java Runtime Environment.


Version:	3.50
CmdLine:	C:\Users\giakh\OneDrive\Máy tính\Java_game\Car\Car.exe --l4j-debug
JNI:		No
WOW64:		Yes
Working dir:	C:\Users\giakh\OneDrive\Máy tính\Java_game\Car\.
Requires JDK:	No
Requires 64-Bit: No
Java min ver:	
Java max ver:	
JRE paths:	E:\JAVA\Car\.idea
Check launcher:	E:\JAVA\Car\.idea\bin\javaw.exe (not found)
Error msg:	This application requires a Java Runtime Environment.


Version:	3.50
CmdLine:	C:\Users\giakh\OneDrive\Máy tính\Java_game\Car\Car.exe --l4j-debug
JNI:		No
WOW64:		Yes
Working dir:	C:\Users\giakh\OneDrive\Máy tính\Java_game\Car\.
Requires JDK:	No
Requires 64-Bit: No
Java min ver:	
Java max ver:	
JRE paths:	Downloads
Check launcher:	C:\Users\giakh\OneDrive\Máy tính\Java_game\Car\Downloads\bin\javaw.exe (not found)
Error msg:	This application requires a Java Runtime Environment.


Version:	3.50
CmdLine:	C:\Users\giakh\OneDrive\Máy tính\Java_game\Car\Car.exe --l4j-debug
JNI:		No
WOW64:		Yes
Working dir:	C:\Users\giakh\OneDrive\Máy tính\Java_game\Car\.
Requires JDK:	No
Requires 64-Bit: No
Java min ver:	
Java max ver:	
JRE paths:	C:\Users\giakh\Downloads
Check launcher:	C:\Users\giakh\Downloads\bin\javaw.exe (not found)
Error msg:	This application requires a Java Runtime Environment.
